<?xml version="1.0" encoding="UTF-8"?>
<!-- Generated by org.testng.reporters.JUnitXMLReporter -->
<testsuite ignored="0" hostname="Shiva-Jayanth" failures="1" tests="2" name="Test(failed)" time="12.02" errors="0" timestamp="2024-11-26T13:42:48 IST">
  <testcase classname="testCases.TC002_LoginTest" name="verifyLogin" time="2.48"/>
  <testcase classname="testCases.TC001_AccountRegistrationTest" name="verify_account_registration" time="3.191">
    <failure type="junit.framework.ComparisonFailure" message="Your Account Has Been Created! expected:&amp;lt;Your Account Has Been Created!&amp;gt; but was:&amp;lt;Confirmation message mismatch&amp;gt;">
      <![CDATA[junit.framework.ComparisonFailure: Your Account Has Been Created! expected:<Your Account Has Been Created!> but was:<Confirmation message mismatch>
at junit.framework.Assert.assertEquals(Assert.java:81)
at testCases.TC001_AccountRegistrationTest.verify_account_registration(TC001_AccountRegistrationTest.java:54)
at java.base/java.util.ArrayList.forEach(ArrayList.java:1511)
... Removed 27 stack frames]]>
    </failure>
  </testcase> <!-- verify_account_registration -->
</testsuite> <!-- Test(failed) -->
