<?xml version="1.0" encoding="UTF-8"?>
<!-- Generated by org.testng.reporters.JUnitXMLReporter -->
<testsuite ignored="0" hostname="Shiva-Jayanth" failures="1" tests="2" name="Linux-Firefox" time="28.632" errors="0" timestamp="2024-11-28T17:21:32 IST">
  <testcase classname="testCases.TC001_AccountRegistrationTest" name="verify_account_registration" time="1.925"/>
  <testcase classname="testCases.TC002_LoginTest" name="verifyLogin" time="11.286">
    <failure type="junit.framework.AssertionFailedError">
      <![CDATA[junit.framework.AssertionFailedError
at junit.framework.Assert.fail(Assert.java:47)
at junit.framework.Assert.assertTrue(Assert.java:20)
at junit.framework.Assert.assertTrue(Assert.java:27)
at testCases.TC002_LoginTest.verifyLogin(TC002_LoginTest.java:34)
at java.base/java.util.ArrayList.forEach(ArrayList.java:1511)
... Removed 27 stack frames]]>
    </failure>
  </testcase> <!-- verifyLogin -->
</testsuite> <!-- Linux-Firefox -->
